
C:\Users\benja\Desktop\ELKRIEFF_UZENAT_challenge\SyncContestCompetitors>"C:\Program Files (x86)\Esterel Technologies\SCADE R17.2\SCADE Test\Rapid Prototyper\bin\ScadeRPConsole.exe" batch generate "C:\Users\benja\Desktop\ELKRIEFF_UZENAT_challenge\RP\MonEcran.etp" -conf "Co-simulation" -source "specification.rgfx" -outdir "C:/Users/benja/Desktop/ELKRIEFF_UZENAT_challenge/SyncContestCompetitors/ModelBasedDesignOfRobotChallenge_KCG66" -prefix SDY1_specification 
C:\Program Files (x86)\Esterel Technologies\SCADE R17.2\SCADE Test\Rapid Prototyper\bin\ScadeRPConsole.exe
Setting RAPID_PROTOTYPER to C:\Program Files (x86)\Esterel Technologies\SCADE R17.2\SCADE Test\Rapid Prototyper

Generating code for specification...
ScadeRPSimu.exe -outdir C:\Users\benja\Desktop\ELKRIEFF_UZENAT_challenge\SyncContestCompetitors\ModelBasedDesignOfRobotChallenge_KCG66\SDY1_specification\Code -prefix SDY1_specification_ C:\Users\benja\Desktop\ELKRIEFF_UZENAT_challenge\RP\specification.rgfx C:\Users\benja\Desktop\ELKRIEFF_UZENAT_challenge\RP\texture_table_1.stt "C:\Program Files (x86)\Esterel Technologies\SCADE R17.2\SCADE Test\Rapid Prototyper\Widgets\Common\textures\Widgets_textures.stt" "C:\Program Files (x86)\Esterel Technologies\SCADE R17.2\SCADE Test\Rapid Prototyper\Widgets\Common\Widgets_fonts.sft" "C:\Program Files (x86)\Esterel Technologies\SCADE R17.2\SCADE Test\Rapid Prototyper\Widgets\Common\Widgets_colors.sct" "C:\Program Files (x86)\Esterel Technologies\SCADE R17.2\SCADE Test\Rapid Prototyper\Widgets\Common\Widgets_line_width.swt" "C:\Program Files (x86)\Esterel Technologies\SCADE R17.2\SCADE Test\Rapid Prototyper\Widgets\Common\Widgets_line_stipple.sst" "C:\Program Files (x86)\Esterel Technologies\SCADE R17.2\SCADE Test\Rapid Prototyper\Widgets\InfiniteKnob.wgfx"
I0001: SCADE RP Simu Version 6.6.3 (build i10) (c) Esterel Technologies SAS 2010-2016 started at 2017-01-22T21:37:43.
I0005: Command line: ScadeRPSimu.exe -outdir C:\Users\benja\Desktop\ELKRIEFF_UZENAT_challenge\SyncContestCompetitors\ModelBasedDesignOfRobotChallenge_KCG66\SDY1_specification\Code -prefix SDY1_specification_ C:\Users\benja\Desktop\ELKRIEFF_UZENAT_challenge\RP\specification.rgfx C:\Users\benja\Desktop\ELKRIEFF_UZENAT_challenge\RP\texture_table_1.stt "C:\Program Files (x86)\Esterel Technologies\SCADE R17.2\SCADE Test\Rapid Prototyper\Widgets\Common\textures\Widgets_textures.stt" "C:\Program Files (x86)\Esterel Technologies\SCADE R17.2\SCADE Test\Rapid Prototyper\Widgets\Common\Widgets_fonts.sft" "C:\Program Files (x86)\Esterel Technologies\SCADE R17.2\SCADE Test\Rapid Prototyper\Widgets\Common\Widgets_colors.sct" "C:\Program Files (x86)\Esterel Technologies\SCADE R17.2\SCADE Test\Rapid Prototyper\Widgets\Common\Widgets_line_width.swt" "C:\Program Files (x86)\Esterel Technologies\SCADE R17.2\SCADE Test\Rapid Prototyper\Widgets\Common\Widgets_line_stipple.sst" "C:\Program Files (x86)\Esterel Technologies\SCADE R17.2\SCADE Test\Rapid Prototyper\Widgets\InfiniteKnob.wgfx"
I0006: Generated file: C:\Users\benja\Desktop\ELKRIEFF_UZENAT_challenge\SyncContestCompetitors\ModelBasedDesignOfRobotChallenge_KCG66\SDY1_specification\Code\SDY1_specification_N_StateLED.h
I0006: Generated file: C:\Users\benja\Desktop\ELKRIEFF_UZENAT_challenge\SyncContestCompetitors\ModelBasedDesignOfRobotChallenge_KCG66\SDY1_specification\Code\SDY1_specification_N_StateLED.c
I0006: Generated file: C:\Users\benja\Desktop\ELKRIEFF_UZENAT_challenge\SyncContestCompetitors\ModelBasedDesignOfRobotChallenge_KCG66\SDY1_specification\Code\SDY1_specification_3DBackground.h
I0006: Generated file: C:\Users\benja\Desktop\ELKRIEFF_UZENAT_challenge\SyncContestCompetitors\ModelBasedDesignOfRobotChallenge_KCG66\SDY1_specification\Code\SDY1_specification_3DBackground.c
I0013: C:\Program Files (x86)\Esterel Technologies\SCADE R17.2\SCADE Test\Rapid Prototyper\Widgets\Common\ClippedLabel.wgfx:306: No code generated for object "rectangle" statically invisible or inactive.
I0006: Generated file: C:\Users\benja\Desktop\ELKRIEFF_UZENAT_challenge\SyncContestCompetitors\ModelBasedDesignOfRobotChallenge_KCG66\SDY1_specification\Code\SDY1_specification_ClippedLabel.h
I0006: Generated file: C:\Users\benja\Desktop\ELKRIEFF_UZENAT_challenge\SyncContestCompetitors\ModelBasedDesignOfRobotChallenge_KCG66\SDY1_specification\Code\SDY1_specification_ClippedLabel.c
I0006: Generated file: C:\Users\benja\Desktop\ELKRIEFF_UZENAT_challenge\SyncContestCompetitors\ModelBasedDesignOfRobotChallenge_KCG66\SDY1_specification\Code\SDY1_specification_Init.h
I0006: Generated file: C:\Users\benja\Desktop\ELKRIEFF_UZENAT_challenge\SyncContestCompetitors\ModelBasedDesignOfRobotChallenge_KCG66\SDY1_specification\Code\SDY1_specification_Init.c
I0013: C:\Program Files (x86)\Esterel Technologies\SCADE R17.2\SCADE Test\Rapid Prototyper\Widgets\Common\IndividualFocus.wgfx:333: No code generated for object "debug" statically invisible or inactive.
I0006: Generated file: C:\Users\benja\Desktop\ELKRIEFF_UZENAT_challenge\SyncContestCompetitors\ModelBasedDesignOfRobotChallenge_KCG66\SDY1_specification\Code\SDY1_specification_IndividualFocus.h
I0006: Generated file: C:\Users\benja\Desktop\ELKRIEFF_UZENAT_challenge\SyncContestCompetitors\ModelBasedDesignOfRobotChallenge_KCG66\SDY1_specification\Code\SDY1_specification_IndividualFocus.c
I0013: C:\Program Files (x86)\Esterel Technologies\SCADE R17.2\SCADE Test\Rapid Prototyper\Widgets\Common\Highlight.wgfx:85: No code generated for object "control" statically invisible or inactive.
I0006: Generated file: C:\Users\benja\Desktop\ELKRIEFF_UZENAT_challenge\SyncContestCompetitors\ModelBasedDesignOfRobotChallenge_KCG66\SDY1_specification\Code\SDY1_specification_Highlight.h
I0006: Generated file: C:\Users\benja\Desktop\ELKRIEFF_UZENAT_challenge\SyncContestCompetitors\ModelBasedDesignOfRobotChallenge_KCG66\SDY1_specification\Code\SDY1_specification_Highlight.c
I0013: C:\Program Files (x86)\Esterel Technologies\SCADE R17.2\SCADE Test\Rapid Prototyper\Widgets\Common\KeyEvent.wgfx:93: No code generated for object "EmitCondition" statically invisible or inactive.
I0013: C:\Program Files (x86)\Esterel Technologies\SCADE R17.2\SCADE Test\Rapid Prototyper\Widgets\Common\KeyEvent.wgfx:358: No code generated for object "debug" statically invisible or inactive.
I0006: Generated file: C:\Users\benja\Desktop\ELKRIEFF_UZENAT_challenge\SyncContestCompetitors\ModelBasedDesignOfRobotChallenge_KCG66\SDY1_specification\Code\SDY1_specification_KeyEvent.h
I0006: Generated file: C:\Users\benja\Desktop\ELKRIEFF_UZENAT_challenge\SyncContestCompetitors\ModelBasedDesignOfRobotChallenge_KCG66\SDY1_specification\Code\SDY1_specification_KeyEvent.c
I0013: C:\Program Files (x86)\Esterel Technologies\SCADE R17.2\SCADE Test\Rapid Prototyper\Widgets\Common\VisualiseFocus.wgfx:188: No code generated for object "RND" statically invisible or inactive.
I0013: C:\Program Files (x86)\Esterel Technologies\SCADE R17.2\SCADE Test\Rapid Prototyper\Widgets\Common\VisualiseFocus.wgfx:260: No code generated for object "ELLIPSE" statically invisible or inactive.
I0006: Generated file: C:\Users\benja\Desktop\ELKRIEFF_UZENAT_challenge\SyncContestCompetitors\ModelBasedDesignOfRobotChallenge_KCG66\SDY1_specification\Code\SDY1_specification_VisualiseFocus.h
I0006: Generated file: C:\Users\benja\Desktop\ELKRIEFF_UZENAT_challenge\SyncContestCompetitors\ModelBasedDesignOfRobotChallenge_KCG66\SDY1_specification\Code\SDY1_specification_VisualiseFocus.c
I0013: C:\Program Files (x86)\Esterel Technologies\SCADE R17.2\SCADE Test\Rapid Prototyper\Widgets\PushButton.wgfx:144: No code generated for object "EmitCondition" statically invisible or inactive.
I0006: Generated file: C:\Users\benja\Desktop\ELKRIEFF_UZENAT_challenge\SyncContestCompetitors\ModelBasedDesignOfRobotChallenge_KCG66\SDY1_specification\Code\SDY1_specification_PushButton.h
I0006: Generated file: C:\Users\benja\Desktop\ELKRIEFF_UZENAT_challenge\SyncContestCompetitors\ModelBasedDesignOfRobotChallenge_KCG66\SDY1_specification\Code\SDY1_specification_PushButton.c
I0006: Generated file: C:\Users\benja\Desktop\ELKRIEFF_UZENAT_challenge\SyncContestCompetitors\ModelBasedDesignOfRobotChallenge_KCG66\SDY1_specification\Code\SDY1_specification_2DBackground.h
I0006: Generated file: C:\Users\benja\Desktop\ELKRIEFF_UZENAT_challenge\SyncContestCompetitors\ModelBasedDesignOfRobotChallenge_KCG66\SDY1_specification\Code\SDY1_specification_2DBackground.c
I0006: Generated file: C:\Users\benja\Desktop\ELKRIEFF_UZENAT_challenge\SyncContestCompetitors\ModelBasedDesignOfRobotChallenge_KCG66\SDY1_specification\Code\SDY1_specification_SliderThumb.h
I0006: Generated file: C:\Users\benja\Desktop\ELKRIEFF_UZENAT_challenge\SyncContestCompetitors\ModelBasedDesignOfRobotChallenge_KCG66\SDY1_specification\Code\SDY1_specification_SliderThumb.c
I0013: C:\Program Files (x86)\Esterel Technologies\SCADE R17.2\SCADE Test\Rapid Prototyper\Widgets\Common\Graduation_element.wgfx:225: No code generated for object "line" statically invisible or inactive.
I0006: Generated file: C:\Users\benja\Desktop\ELKRIEFF_UZENAT_challenge\SyncContestCompetitors\ModelBasedDesignOfRobotChallenge_KCG66\SDY1_specification\Code\SDY1_specification_Graduation_element.h
I0006: Generated file: C:\Users\benja\Desktop\ELKRIEFF_UZENAT_challenge\SyncContestCompetitors\ModelBasedDesignOfRobotChallenge_KCG66\SDY1_specification\Code\SDY1_specification_Graduation_element.c
I0013: C:\Program Files (x86)\Esterel Technologies\SCADE R17.2\SCADE Test\Rapid Prototyper\Widgets\Common\GaugeHorizontal.wgfx:152: No code generated for object "DisplayGraduation" statically invisible or inactive.
W0202: C:\Program Files (x86)\Esterel Technologies\SCADE R17.2\SCADE Test\Rapid Prototyper\Widgets\Common\GaugeHorizontal.wgfx:102: Check local variable "unused1", never used after being produced.
W0202: C:\Program Files (x86)\Esterel Technologies\SCADE R17.2\SCADE Test\Rapid Prototyper\Widgets\Common\GaugeHorizontal.wgfx:105: Check local variable "unused2", never used after being produced.
I0006: Generated file: C:\Users\benja\Desktop\ELKRIEFF_UZENAT_challenge\SyncContestCompetitors\ModelBasedDesignOfRobotChallenge_KCG66\SDY1_specification\Code\SDY1_specification_GaugeHorizontal.h
I0006: Generated file: C:\Users\benja\Desktop\ELKRIEFF_UZENAT_challenge\SyncContestCompetitors\ModelBasedDesignOfRobotChallenge_KCG66\SDY1_specification\Code\SDY1_specification_GaugeHorizontal.c
I0013: C:\Program Files (x86)\Esterel Technologies\SCADE R17.2\SCADE Test\Rapid Prototyper\Widgets\Common\GaugeVertical.wgfx:185: No code generated for object "DisplayGraduation" statically invisible or inactive.
W0202: C:\Program Files (x86)\Esterel Technologies\SCADE R17.2\SCADE Test\Rapid Prototyper\Widgets\Common\GaugeVertical.wgfx:135: Check local variable "unused1", never used after being produced.
W0202: C:\Program Files (x86)\Esterel Technologies\SCADE R17.2\SCADE Test\Rapid Prototyper\Widgets\Common\GaugeVertical.wgfx:138: Check local variable "unused2", never used after being produced.
I0006: Generated file: C:\Users\benja\Desktop\ELKRIEFF_UZENAT_challenge\SyncContestCompetitors\ModelBasedDesignOfRobotChallenge_KCG66\SDY1_specification\Code\SDY1_specification_GaugeVertical.h
I0006: Generated file: C:\Users\benja\Desktop\ELKRIEFF_UZENAT_challenge\SyncContestCompetitors\ModelBasedDesignOfRobotChallenge_KCG66\SDY1_specification\Code\SDY1_specification_GaugeVertical.c
I0013: C:\Program Files (x86)\Esterel Technologies\SCADE R17.2\SCADE Test\Rapid Prototyper\Widgets\Gauge.wgfx:117: No code generated for object "control" statically invisible or inactive.
I0013: C:\Program Files (x86)\Esterel Technologies\SCADE R17.2\SCADE Test\Rapid Prototyper\Widgets\Gauge.wgfx:604: No code generated for object "Style" statically invisible or inactive.
I0006: Generated file: C:\Users\benja\Desktop\ELKRIEFF_UZENAT_challenge\SyncContestCompetitors\ModelBasedDesignOfRobotChallenge_KCG66\SDY1_specification\Code\SDY1_specification_Gauge.h
I0006: Generated file: C:\Users\benja\Desktop\ELKRIEFF_UZENAT_challenge\SyncContestCompetitors\ModelBasedDesignOfRobotChallenge_KCG66\SDY1_specification\Code\SDY1_specification_Gauge.c
I0006: Generated file: C:\Users\benja\Desktop\ELKRIEFF_UZENAT_challenge\SyncContestCompetitors\ModelBasedDesignOfRobotChallenge_KCG66\SDY1_specification\Code\SDY1_specification_NumericDisplay.h
I0006: Generated file: C:\Users\benja\Desktop\ELKRIEFF_UZENAT_challenge\SyncContestCompetitors\ModelBasedDesignOfRobotChallenge_KCG66\SDY1_specification\Code\SDY1_specification_NumericDisplay.c
I0006: Generated file: C:\Users\benja\Desktop\ELKRIEFF_UZENAT_challenge\SyncContestCompetitors\ModelBasedDesignOfRobotChallenge_KCG66\SDY1_specification\Code\SDY1_specification_Scale_element.h
I0006: Generated file: C:\Users\benja\Desktop\ELKRIEFF_UZENAT_challenge\SyncContestCompetitors\ModelBasedDesignOfRobotChallenge_KCG66\SDY1_specification\Code\SDY1_specification_Scale_element.c
I0013: C:\Program Files (x86)\Esterel Technologies\SCADE R17.2\SCADE Test\Rapid Prototyper\Widgets\Scale.wgfx:154: No code generated for object "control" statically invisible or inactive.
I0013: C:\Program Files (x86)\Esterel Technologies\SCADE R17.2\SCADE Test\Rapid Prototyper\Widgets\Scale.wgfx:475: No code generated for object "control" statically invisible or inactive.
I0006: Generated file: C:\Users\benja\Desktop\ELKRIEFF_UZENAT_challenge\SyncContestCompetitors\ModelBasedDesignOfRobotChallenge_KCG66\SDY1_specification\Code\SDY1_specification_Scale.h
I0006: Generated file: C:\Users\benja\Desktop\ELKRIEFF_UZENAT_challenge\SyncContestCompetitors\ModelBasedDesignOfRobotChallenge_KCG66\SDY1_specification\Code\SDY1_specification_Scale.c
I0013: C:\Program Files (x86)\Esterel Technologies\SCADE R17.2\SCADE Test\Rapid Prototyper\Widgets\Slider.wgfx:185: No code generated for object "Alignment" statically invisible or inactive.
I0013: C:\Program Files (x86)\Esterel Technologies\SCADE R17.2\SCADE Test\Rapid Prototyper\Widgets\Slider.wgfx:418: No code generated for object "ShowGraduations" statically invisible or inactive.
I0013: C:\Program Files (x86)\Esterel Technologies\SCADE R17.2\SCADE Test\Rapid Prototyper\Widgets\Slider.wgfx:651: No code generated for object "Control" statically invisible or inactive.
I0006: Generated file: C:\Users\benja\Desktop\ELKRIEFF_UZENAT_challenge\SyncContestCompetitors\ModelBasedDesignOfRobotChallenge_KCG66\SDY1_specification\Code\SDY1_specification_Slider.h
I0006: Generated file: C:\Users\benja\Desktop\ELKRIEFF_UZENAT_challenge\SyncContestCompetitors\ModelBasedDesignOfRobotChallenge_KCG66\SDY1_specification\Code\SDY1_specification_Slider.c
I0006: Generated file: C:\Users\benja\Desktop\ELKRIEFF_UZENAT_challenge\SyncContestCompetitors\ModelBasedDesignOfRobotChallenge_KCG66\SDY1_specification\Code\SDY1_specification_Cursor.h
I0006: Generated file: C:\Users\benja\Desktop\ELKRIEFF_UZENAT_challenge\SyncContestCompetitors\ModelBasedDesignOfRobotChallenge_KCG66\SDY1_specification\Code\SDY1_specification_Cursor.c
I0013: C:\Program Files (x86)\Esterel Technologies\SCADE R17.2\SCADE Test\Rapid Prototyper\Widgets\NumericEditBox.wgfx:215: No code generated for object "control" statically invisible or inactive.
I0013: C:\Program Files (x86)\Esterel Technologies\SCADE R17.2\SCADE Test\Rapid Prototyper\Widgets\NumericEditBox.wgfx:285: No code generated for object "LegendPosition" statically invisible or inactive.
I0013: C:\Program Files (x86)\Esterel Technologies\SCADE R17.2\SCADE Test\Rapid Prototyper\Widgets\NumericEditBox.wgfx:438: No code generated for object "DisplaySign" statically invisible or inactive.
I0006: Generated file: C:\Users\benja\Desktop\ELKRIEFF_UZENAT_challenge\SyncContestCompetitors\ModelBasedDesignOfRobotChallenge_KCG66\SDY1_specification\Code\SDY1_specification_NumericEditBox.h
I0006: Generated file: C:\Users\benja\Desktop\ELKRIEFF_UZENAT_challenge\SyncContestCompetitors\ModelBasedDesignOfRobotChallenge_KCG66\SDY1_specification\Code\SDY1_specification_NumericEditBox.c
I0006: Generated file: C:\Users\benja\Desktop\ELKRIEFF_UZENAT_challenge\SyncContestCompetitors\ModelBasedDesignOfRobotChallenge_KCG66\SDY1_specification\Code\SDY1_specification_LED.h
I0006: Generated file: C:\Users\benja\Desktop\ELKRIEFF_UZENAT_challenge\SyncContestCompetitors\ModelBasedDesignOfRobotChallenge_KCG66\SDY1_specification\Code\SDY1_specification_LED.c
I0006: Generated file: C:\Users\benja\Desktop\ELKRIEFF_UZENAT_challenge\SyncContestCompetitors\ModelBasedDesignOfRobotChallenge_KCG66\SDY1_specification\Code\SDY1_specification_control_panel.h
I0006: Generated file: C:\Users\benja\Desktop\ELKRIEFF_UZENAT_challenge\SyncContestCompetitors\ModelBasedDesignOfRobotChallenge_KCG66\SDY1_specification\Code\SDY1_specification_control_panel.h.cosimu
I0006: Generated file: C:\Users\benja\Desktop\ELKRIEFF_UZENAT_challenge\SyncContestCompetitors\ModelBasedDesignOfRobotChallenge_KCG66\SDY1_specification\Code\SDY1_specification_control_panel.c
I0013: C:\Program Files (x86)\Esterel Technologies\SCADE R17.2\SCADE Test\Rapid Prototyper\Widgets\InfiniteKnob.wgfx:171: No code generated for object "control" statically invisible or inactive.
I0013: C:\Program Files (x86)\Esterel Technologies\SCADE R17.2\SCADE Test\Rapid Prototyper\Widgets\InfiniteKnob.wgfx:240: No code generated for object "style" statically invisible or inactive.
I0006: Generated file: C:\Users\benja\Desktop\ELKRIEFF_UZENAT_challenge\SyncContestCompetitors\ModelBasedDesignOfRobotChallenge_KCG66\SDY1_specification\Code\SDY1_specification_InfiniteKnob.h
I0006: Generated file: C:\Users\benja\Desktop\ELKRIEFF_UZENAT_challenge\SyncContestCompetitors\ModelBasedDesignOfRobotChallenge_KCG66\SDY1_specification\Code\SDY1_specification_InfiniteKnob.c
I0006: Generated file: C:\Users\benja\Desktop\ELKRIEFF_UZENAT_challenge\SyncContestCompetitors\ModelBasedDesignOfRobotChallenge_KCG66\SDY1_specification\Code\SDY1_specification_font_table.h
I0006: Generated file: C:\Users\benja\Desktop\ELKRIEFF_UZENAT_challenge\SyncContestCompetitors\ModelBasedDesignOfRobotChallenge_KCG66\SDY1_specification\Code\SDY1_specification_font_table.c
I0006: Generated file: C:\Users\benja\Desktop\ELKRIEFF_UZENAT_challenge\SyncContestCompetitors\ModelBasedDesignOfRobotChallenge_KCG66\SDY1_specification\Code\SDY1_specification_font_table1.c
I0006: Generated file: C:\Users\benja\Desktop\ELKRIEFF_UZENAT_challenge\SyncContestCompetitors\ModelBasedDesignOfRobotChallenge_KCG66\SDY1_specification\Code\SDY1_specification_texture_table.h
I0006: Generated file: C:\Users\benja\Desktop\ELKRIEFF_UZENAT_challenge\SyncContestCompetitors\ModelBasedDesignOfRobotChallenge_KCG66\SDY1_specification\Code\SDY1_specification_texture_table.c
I0006: Generated file: C:\Users\benja\Desktop\ELKRIEFF_UZENAT_challenge\SyncContestCompetitors\ModelBasedDesignOfRobotChallenge_KCG66\SDY1_specification\Code\SDY1_specification_color_table.h
I0006: Generated file: C:\Users\benja\Desktop\ELKRIEFF_UZENAT_challenge\SyncContestCompetitors\ModelBasedDesignOfRobotChallenge_KCG66\SDY1_specification\Code\SDY1_specification_color_table.c
I0006: Generated file: C:\Users\benja\Desktop\ELKRIEFF_UZENAT_challenge\SyncContestCompetitors\ModelBasedDesignOfRobotChallenge_KCG66\SDY1_specification\Code\SDY1_specification_line_stipple_table.h
I0006: Generated file: C:\Users\benja\Desktop\ELKRIEFF_UZENAT_challenge\SyncContestCompetitors\ModelBasedDesignOfRobotChallenge_KCG66\SDY1_specification\Code\SDY1_specification_line_stipple_table.c
I0006: Generated file: C:\Users\benja\Desktop\ELKRIEFF_UZENAT_challenge\SyncContestCompetitors\ModelBasedDesignOfRobotChallenge_KCG66\SDY1_specification\Code\SDY1_specification_line_width_table.h
I0006: Generated file: C:\Users\benja\Desktop\ELKRIEFF_UZENAT_challenge\SyncContestCompetitors\ModelBasedDesignOfRobotChallenge_KCG66\SDY1_specification\Code\SDY1_specification_line_width_table.c
I0006: Generated file: C:\Users\benja\Desktop\ELKRIEFF_UZENAT_challenge\SyncContestCompetitors\ModelBasedDesignOfRobotChallenge_KCG66\SDY1_specification\Code\SDY1_specification_imported_functions.h
I0006: Generated file: C:\Users\benja\Desktop\ELKRIEFF_UZENAT_challenge\SyncContestCompetitors\ModelBasedDesignOfRobotChallenge_KCG66\SDY1_specification\Code\ScadeRPSimu.log
I0002: SCADE RP Simu finished with 0 error(s) at 2017-01-22T21:37:49.

Generating interactivity code...
Interactivity code generation finished.

Building...
"C:\Program Files (x86)\Esterel Technologies\SCADE R17.2\SCADE Test\Rapid Prototyper\bin\msysmake.bat" all
/bin/rm -f *.o
/bin/ls -Q ./Code/SDY1_specification_2DBackground.c ./Code/SDY1_specification_3DBackground.c ./Code/SDY1_specification_ClippedLabel.c ./Code/SDY1_specification_Cursor.c ./Code/SDY1_specification_Gauge.c ./Code/SDY1_specification_GaugeHorizontal.c ./Code/SDY1_specification_GaugeVertical.c ./Code/SDY1_specification_Graduation_element.c ./Code/SDY1_specification_Highlight.c ./Code/SDY1_specification_IndividualFocus.c ./Code/SDY1_specification_InfiniteKnob.c ./Code/SDY1_specification_Init.c ./Code/SDY1_specification_KeyEvent.c ./Code/SDY1_specification_LED.c ./Code/SDY1_specification_N_StateLED.c ./Code/SDY1_specification_NumericDisplay.c ./Code/SDY1_specification_NumericEditBox.c ./Code/SDY1_specification_PushButton.c ./Code/SDY1_specification_Scale.c ./Code/SDY1_specification_Scale_element.c ./Code/SDY1_specification_Slider.c ./Code/SDY1_specification_SliderThumb.c ./Code/SDY1_specification_VisualiseFocus.c ./Code/SDY1_specification_color_table.c ./Code/SDY1_specification_control_panel.c ./Code/SDY1_specification_font_table.c ./Code/SDY1_specification_font_table1.c ./Code/SDY1_specification_line_stipple_table.c ./Code/SDY1_specification_line_width_table.c ./Code/SDY1_specification_texture_table.c ./Code/interactivity_mapping.c ./Specific/cosimu_interface.c  | /bin/sed -e 's!"/\([A-Za-z]\)/!"\1:/!' >sources.lst
/mingw_w64/bin/gcc -m32 -Ui386 -I./Include -I./Include/oglx -I./Code -I./Specific  -Ic:/Program\ Files\ \(x86\)/Esterel\ Technologies/SCADE\ R17.2/SCADE -Ic:/Program\ Files\ \(x86\)/Esterel\ Technologies/SCADE\ R17.2/SCADE\ Test/Rapid\ Prototyper/Widgets/include -DDLL_EXPORTS  @sources.lst -mwindows -mwin32 -shared -Wl,--output-def,../SDY1_specification.def,--out-implib,../SDY1_specification.a -o ../SDY1_specification.dll c:/Program\ Files\ \(x86\)/Esterel\ Technologies/SCADE\ R17.2/SCADE\ Test/Rapid\ Prototyper/Widgets/lib/libwidgetsWin.a ./Lib/sdy.o ./Lib/sdy.a ./Lib/OGLX.lib -lopengl32 -lws2_32 -lkernel32 -luser32 -lgdi32

================= END OF COMMAND: SIMULATION GENERATION SUCCESSFUL ================

Status: 0
